<?xml version="1.0" encoding="UTF-8"?>
<!-- Generated by org.testng.reporters.JUnitReportReporter -->
<testsuite hostname="CCCNYC03CXS.local" name="Tests.TestSignIn" tests="1" failures="0" timestamp="21 Jan 2016 21:06:16 GMT" time="20.772" errors="0">
  <testcase name="testSignInFromGate" time="20.772" classname="Tests.TestSignIn"/>
</testsuite> <!-- Tests.TestSignIn -->
